{"name":"Проверяем регистрацию Водителя.","status":"broken","statusDetails":{"known":false,"muted":false,"flaky":false,"message":"Expected condition failed: waiting for visibility of Proxy element for: DefaultElementLocator 'By.cssSelector: input[ng-model='vm.filter.firstName']' (tried for 10 second(s) with 500 milliseconds interval)","trace":"org.openqa.selenium.TimeoutException: Expected condition failed: waiting for visibility of Proxy element for: DefaultElementLocator 'By.cssSelector: input[ng-model='vm.filter.firstName']' (tried for 10 second(s) with 500 milliseconds interval)\n\tat org.openqa.selenium.support.ui.WebDriverWait.timeoutException(WebDriverWait.java:95)\n\tat org.openqa.selenium.support.ui.FluentWait.until(FluentWait.java:272)\n\tat logic.init.BasePageWeb.waitToVisibilityOfClick(BasePageWeb.java:150)\n\tat logic.web.companyProfile.Drivers.foundDriver(Drivers.java:259)\n\tat Test_Case1_Registration.test_Driver_Registration(Test_Case1_Registration.java:575)\n\tat java.base/jdk.internal.reflect.NativeMethodAccessorImpl.invoke0(Native Method)\n\tat java.base/jdk.internal.reflect.NativeMethodAccessorImpl.invoke(NativeMethodAccessorImpl.java:62)\n\tat java.base/jdk.internal.reflect.DelegatingMethodAccessorImpl.invoke(DelegatingMethodAccessorImpl.java:43)\n\tat java.base/java.lang.reflect.Method.invoke(Method.java:566)\n\tat org.testng.internal.MethodInvocationHelper.invokeMethod(MethodInvocationHelper.java:133)\n\tat org.testng.internal.TestInvoker.invokeMethod(TestInvoker.java:598)\n\tat org.testng.internal.TestInvoker.invokeTestMethod(TestInvoker.java:173)\n\tat org.testng.internal.MethodRunner.runInSequence(MethodRunner.java:46)\n\tat org.testng.internal.TestInvoker$MethodInvocationAgent.invoke(TestInvoker.java:824)\n\tat org.testng.internal.TestInvoker.invokeTestMethods(TestInvoker.java:146)\n\tat org.testng.internal.TestMethodWorker.invokeTestMethods(TestMethodWorker.java:146)\n\tat org.testng.internal.TestMethodWorker.run(TestMethodWorker.java:128)\n\tat java.base/java.util.ArrayList.forEach(ArrayList.java:1541)\n\tat org.testng.TestRunner.privateRun(TestRunner.java:794)\n\tat org.testng.TestRunner.run(TestRunner.java:596)\n\tat org.testng.SuiteRunner.runTest(SuiteRunner.java:377)\n\tat org.testng.SuiteRunner.runSequentially(SuiteRunner.java:371)\n\tat org.testng.SuiteRunner.privateRun(SuiteRunner.java:332)\n\tat org.testng.SuiteRunner.run(SuiteRunner.java:276)\n\tat org.testng.SuiteRunnerWorker.runSuite(SuiteRunnerWorker.java:53)\n\tat org.testng.SuiteRunnerWorker.run(SuiteRunnerWorker.java:96)\n\tat org.testng.TestNG.runSuitesSequentially(TestNG.java:1212)\n\tat org.testng.TestNG.runSuitesLocally(TestNG.java:1134)\n\tat org.testng.TestNG.runSuites(TestNG.java:1063)\n\tat org.testng.TestNG.run(TestNG.java:1031)\n\tat com.intellij.rt.testng.IDEARemoteTestNG.run(IDEARemoteTestNG.java:66)\n\tat com.intellij.rt.testng.RemoteTestNGStarter.main(RemoteTestNGStarter.java:109)\nCaused by: org.openqa.selenium.NoSuchElementException: no such element: Unable to locate element: {\"method\":\"css selector\",\"selector\":\"input[ng-model='vm.filter.firstName']\"}\n  (Session info: chrome=97.0.4692.71)\nFor documentation on this error, please visit: https://www.seleniumhq.org/exceptions/no_such_element.html\nBuild info: version: '3.141.59', revision: 'e82be7d358', time: '2018-11-14T08:17:03'\nSystem info: host: 'qa-te-pc', ip: '127.0.1.1', os.name: 'Linux', os.arch: 'amd64', os.version: '4.15.0-118-generic', java.version: '11.0.13'\nDriver info: org.openqa.selenium.chrome.ChromeDriver\nCapabilities {acceptInsecureCerts: false, browserName: chrome, browserVersion: 97.0.4692.71, chrome: {chromedriverVersion: 97.0.4692.71 (adefa7837d02a..., userDataDir: /run/user/1000/app/.com.goo...}, goog:chromeOptions: {debuggerAddress: localhost:41051}, javascriptEnabled: true, networkConnectionEnabled: false, pageLoadStrategy: normal, platform: LINUX, platformName: LINUX, proxy: Proxy(), setWindowRect: true, strictFileInteractability: false, timeouts: {implicit: 0, pageLoad: 300000, script: 30000}, unhandledPromptBehavior: dismiss and notify, webauthn:extension:credBlob: true, webauthn:extension:largeBlob: true, webauthn:virtualAuthenticators: true}\nSession ID: 1282c530538e093f291fa056c1b3b1f8\n*** Element info: {Using=css selector, value=input[ng-model='vm.filter.firstName']}\n\tat jdk.internal.reflect.GeneratedConstructorAccessor19.newInstance(Unknown Source)\n\tat java.base/jdk.internal.reflect.DelegatingConstructorAccessorImpl.newInstance(DelegatingConstructorAccessorImpl.java:45)\n\tat java.base/java.lang.reflect.Constructor.newInstance(Constructor.java:490)\n\tat org.openqa.selenium.remote.http.W3CHttpResponseCodec.createException(W3CHttpResponseCodec.java:187)\n\tat org.openqa.selenium.remote.http.W3CHttpResponseCodec.decode(W3CHttpResponseCodec.java:122)\n\tat org.openqa.selenium.remote.http.W3CHttpResponseCodec.decode(W3CHttpResponseCodec.java:49)\n\tat org.openqa.selenium.remote.HttpCommandExecutor.execute(HttpCommandExecutor.java:158)\n\tat org.openqa.selenium.remote.service.DriverCommandExecutor.execute(DriverCommandExecutor.java:83)\n\tat org.openqa.selenium.remote.RemoteWebDriver.execute(RemoteWebDriver.java:552)\n\tat org.openqa.selenium.remote.RemoteWebDriver.findElement(RemoteWebDriver.java:323)\n\tat org.openqa.selenium.remote.RemoteWebDriver.findElementByCssSelector(RemoteWebDriver.java:420)\n\tat org.openqa.selenium.By$ByCssSelector.findElement(By.java:431)\n\tat org.openqa.selenium.remote.RemoteWebDriver.findElement(RemoteWebDriver.java:315)\n\tat org.openqa.selenium.support.pagefactory.DefaultElementLocator.findElement(DefaultElementLocator.java:69)\n\tat org.openqa.selenium.support.pagefactory.internal.LocatingElementHandler.invoke(LocatingElementHandler.java:38)\n\tat com.sun.proxy.$Proxy30.isDisplayed(Unknown Source)\n\tat org.openqa.selenium.support.ui.ExpectedConditions.elementIfVisible(ExpectedConditions.java:314)\n\tat org.openqa.selenium.support.ui.ExpectedConditions.access$000(ExpectedConditions.java:43)\n\tat org.openqa.selenium.support.ui.ExpectedConditions$10.apply(ExpectedConditions.java:300)\n\tat org.openqa.selenium.support.ui.ExpectedConditions$10.apply(ExpectedConditions.java:297)\n\tat org.openqa.selenium.support.ui.FluentWait.until(FluentWait.java:249)\n\t... 30 more\n"},"stage":"finished","steps":[{"name":"Open page registration driver.","status":"passed","stage":"finished","steps":[],"attachments":[],"parameters":[],"start":1641727622780,"stop":1641727624366},{"name":"Entering driver data.","status":"passed","stage":"finished","steps":[],"attachments":[],"parameters":[{"name":"orgpin","value":"NPW4Q"},{"name":"firstname","value":"Test1641727622758"},{"name":"lastname","value":"Driver1641727622758"},{"name":"email","value":"appiumdriver1641727622758@gmail.com"},{"name":"pass","value":"test12345"},{"name":"confPass","value":"test12345"},{"name":"licensenumb","value":"1641727622758"}],"start":1641727624367,"stop":1641727643299},{"name":"Click to save driver button.","status":"passed","stage":"finished","steps":[],"attachments":[{"name":"Page screenshot","source":"17d559d9-2d8b-46da-b6e0-8048a5896038-attachment","type":"image/png"}],"parameters":[],"start":1641727643299,"stop":1641727644477},{"name":"Accept Privacy Policy","status":"passed","stage":"finished","steps":[],"attachments":[],"parameters":[],"start":1641727644477,"stop":1641727662132},{"name":"Close Android msg about Battery Settings.","status":"passed","stage":"finished","steps":[],"attachments":[],"parameters":[],"start":1641727662132,"stop":1641727737802},{"name":"Logout Current driver.","status":"passed","stage":"finished","steps":[],"attachments":[],"parameters":[{"name":"firstLogout","value":"true"}],"start":1641727737803,"stop":1641727740347},{"name":"Wait logout driver after test / The End...","status":"passed","stage":"finished","steps":[],"attachments":[],"parameters":[],"start":1641727740347,"stop":1641727754100},{"name":"Логинимся на Веб под админкой (5:test)","status":"passed","stage":"finished","steps":[],"attachments":[],"parameters":[{"name":"login","value":"5"},{"name":"password","value":"test"}],"start":1641727754101,"stop":1641727764731}],"attachments":[{"name":"video","source":"4ebc0b22-ff0f-4327-beb6-84996f6fcf66-attachment","type":"video/mp4"},{"name":"Page screenshot","source":"8c8508ae-8ecf-4c96-a4b1-121cc0212070-attachment","type":"image/png"},{"name":"Open to watch method name.","source":"5fb12c4d-e90c-454a-85d7-ebd3faba278c-attachment","type":"text/plain"}],"parameters":[],"start":1641727622756,"stop":1641727788827,"uuid":"0b42fd53-8842-4dc0-9b4b-ceef69bd4748","historyId":"88e7f96a394ee033bfaee383be39b412","fullName":"Test_Case1_Registration.test_Driver_Registration","labels":[{"name":"package","value":"Test_Case1_Registration"},{"name":"testClass","value":"Test_Case1_Registration"},{"name":"testMethod","value":"test_Driver_Registration"},{"name":"parentSuite","value":"Default Suite"},{"name":"suite","value":"ActualAndroidAppiumLastVer"},{"name":"subSuite","value":"Test_Case1_Registration"},{"name":"host","value":"qa-te-pc"},{"name":"thread","value":"339@qa-te-pc.main(1)"},{"name":"framework","value":"testng"},{"name":"language","value":"java"}],"links":[]}