{"name":"Создаем водителя/трак из под флита с помощью кнопки Create at least one driver/truck account, проверка на отображение в приложении и на вебе.","status":"failed","statusDetails":{"known":false,"muted":false,"flaky":false,"message":"org.openqa.selenium.TimeoutException: Expected condition failed: waiting for element to be clickable: Located by By.chained({By.id: com.trackensure.eld.debug:id/dialog_alert_right_button1}) (tried for 5 second(s) with 500 milliseconds interval)","trace":"java.lang.AssertionError: org.openqa.selenium.TimeoutException: Expected condition failed: waiting for element to be clickable: Located by By.chained({By.id: com.trackensure.eld.debug:id/dialog_alert_right_button1}) (tried for 5 second(s) with 500 milliseconds interval)\n\tat org.testng.Assert.fail(Assert.java:99)\n\tat logic.init.BasePage.waitToBeClickable(BasePage.java:258)\n\tat logic.init.BasePage.waitToBeClickable(BasePage.java:291)\n\tat logic.loginPage.LoginPage.chooseTypeFleet(LoginPage.java:103)\n\tat Test_Case2_Account_Fleet_Manager.test_Create_Driver_Truck_From_Fleet_At_Least_One_Driver_Truck_Record(Test_Case2_Account_Fleet_Manager.java:97)\n\tat java.base/jdk.internal.reflect.NativeMethodAccessorImpl.invoke0(Native Method)\n\tat java.base/jdk.internal.reflect.NativeMethodAccessorImpl.invoke(NativeMethodAccessorImpl.java:62)\n\tat java.base/jdk.internal.reflect.DelegatingMethodAccessorImpl.invoke(DelegatingMethodAccessorImpl.java:43)\n\tat java.base/java.lang.reflect.Method.invoke(Method.java:566)\n\tat org.testng.internal.MethodInvocationHelper.invokeMethod(MethodInvocationHelper.java:133)\n\tat org.testng.internal.TestInvoker.invokeMethod(TestInvoker.java:598)\n\tat org.testng.internal.TestInvoker.invokeTestMethod(TestInvoker.java:173)\n\tat org.testng.internal.MethodRunner.runInSequence(MethodRunner.java:46)\n\tat org.testng.internal.TestInvoker$MethodInvocationAgent.invoke(TestInvoker.java:824)\n\tat org.testng.internal.TestInvoker.invokeTestMethods(TestInvoker.java:146)\n\tat org.testng.internal.TestMethodWorker.invokeTestMethods(TestMethodWorker.java:146)\n\tat org.testng.internal.TestMethodWorker.run(TestMethodWorker.java:128)\n\tat java.base/java.util.ArrayList.forEach(ArrayList.java:1541)\n\tat org.testng.TestRunner.privateRun(TestRunner.java:794)\n\tat org.testng.TestRunner.run(TestRunner.java:596)\n\tat org.testng.SuiteRunner.runTest(SuiteRunner.java:377)\n\tat org.testng.SuiteRunner.runSequentially(SuiteRunner.java:371)\n\tat org.testng.SuiteRunner.privateRun(SuiteRunner.java:332)\n\tat org.testng.SuiteRunner.run(SuiteRunner.java:276)\n\tat org.testng.SuiteRunnerWorker.runSuite(SuiteRunnerWorker.java:53)\n\tat org.testng.SuiteRunnerWorker.run(SuiteRunnerWorker.java:96)\n\tat org.testng.TestNG.runSuitesSequentially(TestNG.java:1212)\n\tat org.testng.TestNG.runSuitesLocally(TestNG.java:1134)\n\tat org.testng.TestNG.runSuites(TestNG.java:1063)\n\tat org.testng.TestNG.run(TestNG.java:1031)\n\tat com.intellij.rt.testng.IDEARemoteTestNG.run(IDEARemoteTestNG.java:66)\n\tat com.intellij.rt.testng.RemoteTestNGStarter.main(RemoteTestNGStarter.java:109)\n"},"stage":"finished","steps":[{"name":"Input login fleet on login page.","status":"passed","stage":"finished","steps":[],"attachments":[],"parameters":[{"name":"login","value":"131315"}],"start":1641571568490,"stop":1641571569647},{"name":"Input password fleet on login page","status":"passed","stage":"finished","steps":[],"attachments":[],"parameters":[{"name":"pass","value":"test"}],"start":1641571569647,"stop":1641571571028},{"name":"Login button press.","status":"passed","stage":"finished","steps":[],"attachments":[],"parameters":[],"start":1641571571029,"stop":1641571571977},{"name":"Choose user type Fleet on Login Page.","status":"failed","statusDetails":{"known":false,"muted":false,"flaky":false,"message":"org.openqa.selenium.TimeoutException: Expected condition failed: waiting for element to be clickable: Located by By.chained({By.id: com.trackensure.eld.debug:id/dialog_alert_right_button1}) (tried for 5 second(s) with 500 milliseconds interval)","trace":"java.lang.AssertionError: org.openqa.selenium.TimeoutException: Expected condition failed: waiting for element to be clickable: Located by By.chained({By.id: com.trackensure.eld.debug:id/dialog_alert_right_button1}) (tried for 5 second(s) with 500 milliseconds interval)\n\tat org.testng.Assert.fail(Assert.java:99)\n\tat logic.init.BasePage.waitToBeClickable(BasePage.java:258)\n\tat logic.init.BasePage.waitToBeClickable(BasePage.java:291)\n\tat logic.loginPage.LoginPage.chooseTypeFleet(LoginPage.java:103)\n\tat Test_Case2_Account_Fleet_Manager.test_Create_Driver_Truck_From_Fleet_At_Least_One_Driver_Truck_Record(Test_Case2_Account_Fleet_Manager.java:97)\n\tat java.base/jdk.internal.reflect.NativeMethodAccessorImpl.invoke0(Native Method)\n\tat java.base/jdk.internal.reflect.NativeMethodAccessorImpl.invoke(NativeMethodAccessorImpl.java:62)\n\tat java.base/jdk.internal.reflect.DelegatingMethodAccessorImpl.invoke(DelegatingMethodAccessorImpl.java:43)\n\tat java.base/java.lang.reflect.Method.invoke(Method.java:566)\n\tat org.testng.internal.MethodInvocationHelper.invokeMethod(MethodInvocationHelper.java:133)\n\tat org.testng.internal.TestInvoker.invokeMethod(TestInvoker.java:598)\n\tat org.testng.internal.TestInvoker.invokeTestMethod(TestInvoker.java:173)\n\tat org.testng.internal.MethodRunner.runInSequence(MethodRunner.java:46)\n\tat org.testng.internal.TestInvoker$MethodInvocationAgent.invoke(TestInvoker.java:824)\n\tat org.testng.internal.TestInvoker.invokeTestMethods(TestInvoker.java:146)\n\tat org.testng.internal.TestMethodWorker.invokeTestMethods(TestMethodWorker.java:146)\n\tat org.testng.internal.TestMethodWorker.run(TestMethodWorker.java:128)\n\tat java.base/java.util.ArrayList.forEach(ArrayList.java:1541)\n\tat org.testng.TestRunner.privateRun(TestRunner.java:794)\n\tat org.testng.TestRunner.run(TestRunner.java:596)\n\tat org.testng.SuiteRunner.runTest(SuiteRunner.java:377)\n\tat org.testng.SuiteRunner.runSequentially(SuiteRunner.java:371)\n\tat org.testng.SuiteRunner.privateRun(SuiteRunner.java:332)\n\tat org.testng.SuiteRunner.run(SuiteRunner.java:276)\n\tat org.testng.SuiteRunnerWorker.runSuite(SuiteRunnerWorker.java:53)\n\tat org.testng.SuiteRunnerWorker.run(SuiteRunnerWorker.java:96)\n\tat org.testng.TestNG.runSuitesSequentially(TestNG.java:1212)\n\tat org.testng.TestNG.runSuitesLocally(TestNG.java:1134)\n\tat org.testng.TestNG.runSuites(TestNG.java:1063)\n\tat org.testng.TestNG.run(TestNG.java:1031)\n\tat com.intellij.rt.testng.IDEARemoteTestNG.run(IDEARemoteTestNG.java:66)\n\tat com.intellij.rt.testng.RemoteTestNGStarter.main(RemoteTestNGStarter.java:109)\n"},"stage":"finished","steps":[],"attachments":[],"parameters":[{"name":"driverType","value":"Fleet"}],"start":1641571571978,"stop":1641571582545}],"attachments":[{"name":"video","source":"48760ef1-0764-4e45-a5d7-da89f80040fc-attachment","type":"video/mp4"},{"name":"Page screenshot","source":"b205679e-39c7-46ad-8f5e-0a3d149fe4df-attachment","type":"image/png"},{"name":"Open to watch method name.","source":"fd7c6d97-c5d7-495e-96b2-660e151f1686-attachment","type":"text/plain"}],"parameters":[],"start":1641571568047,"stop":1641571584080,"uuid":"21c6398a-fa07-4032-b454-5f31b0197098","historyId":"985b602534e3f19efed383b6e56cd0e7","fullName":"Test_Case2_Account_Fleet_Manager.test_Create_Driver_Truck_From_Fleet_At_Least_One_Driver_Truck_Record","labels":[{"name":"package","value":"Test_Case2_Account_Fleet_Manager"},{"name":"testClass","value":"Test_Case2_Account_Fleet_Manager"},{"name":"testMethod","value":"test_Create_Driver_Truck_From_Fleet_At_Least_One_Driver_Truck_Record"},{"name":"parentSuite","value":"Default Suite"},{"name":"suite","value":"ActualAndroidAppiumLastVer"},{"name":"subSuite","value":"Test_Case2_Account_Fleet_Manager"},{"name":"host","value":"qa-te-pc"},{"name":"thread","value":"532@qa-te-pc.main(1)"},{"name":"framework","value":"testng"},{"name":"language","value":"java"}],"links":[]}